Rc files read:
  NONE
Latexmk: This is Latexmk, John Collins, 27 Dec. 2024. Version 4.86a.
No existing .aux file, so I'll make a simple one, and require run of *latex.
Latexmk: applying rule 'xelatex'...
Rule 'xelatex':  Reasons for rerun
Category 'other':
  Rerun of 'xelatex' forced or previously required:
    Reason or flag: 'Initial setup'

------------
Run number 1 of rule 'xelatex'
------------
------------
Running 'xelatex -no-pdf -synctex=1 -interaction=batchmode -file-line-error -shell-escape -recorder  "AdvancingTelemedicineMSKPractice_LaTeX.tex"'
------------
This is XeTeX, Version 3.141592653-2.6-0.999997 (TeX Live 2025) (preloaded format=xelatex)
 \write18 enabled.
entering extended mode

SyncTeX written on AdvancingTelemedicineMSKPractice_LaTeX.synctex.gz.Latexmk: Getting log file 'AdvancingTelemedicineMSKPractice_LaTeX.log'
Latexmk: Examining 'AdvancingTelemedicineMSKPractice_LaTeX.fls'
Latexmk: Examining 'AdvancingTelemedicineMSKPractice_LaTeX.log'
Latexmk: References changed.
Latexmk: Missing bbl file 'AdvancingTelemedicineMSKPractice_LaTeX.bbl' in following:
 No file AdvancingTelemedicineMSKPractice_LaTeX.bbl.
Latexmk: References changed.
Latexmk: References changed.
Latexmk: Log file says output to 'AdvancingTelemedicineMSKPractice_LaTeX.xdv'
Latexmk: Log file says output to 'AdvancingTelemedicineMSKPractice_LaTeX.xdv'
Latexmk: Found bibliography file(s):
  ./main.bib
Latexmk: applying rule 'bibtex AdvancingTelemedicineMSKPractice_LaTeX'...
Rule 'bibtex AdvancingTelemedicineMSKPractice_LaTeX':  Reasons for rerun
Category 'other':
  Rerun of 'bibtex AdvancingTelemedicineMSKPractice_LaTeX' forced or previously required:
    Reason or flag: 'Initial set up of rule'

------------
Run number 1 of rule 'bibtex AdvancingTelemedicineMSKPractice_LaTeX'
------------
------------
Running 'bibtex  "AdvancingTelemedicineMSKPractice_LaTeX.aux"'
------------
This is BibTeX, Version 0.99d (TeX Live 2025)
The top-level auxiliary file: AdvancingTelemedicineMSKPractice_LaTeX.aux
The style file: Frontiers-Harvard.bst
Database file #1: main.bib
Warning--to sort, need author or key in TelehealthHereStay2021
Warning--to sort, need author, editor, or key in TelehealthHolograms2023
Warning--to sort, need author, editor, or key in HowMuchMoney2023
Warning--empty author in TelehealthHereStay2021
Warning--empty author and editor in HowMuchMoney2023
Warning--missing publisher in HowMuchMoney2023
Warning--empty author and editor in TelehealthHolograms2023
Warning--missing publisher in khoslaventuresWinningOutsiderBuilding2023
Warning--missing publisher in lindsayHowProduceGreat2019a
Warning--missing publisher in lindsayAddressingZoomFatigue2021
Warning--empty pages in liuHowCanLive2021
Warning--missing publisher in mollaTellYourBoss2022
Warning--missing publisher in tsipurskyUnlockingRemoteWork2023
(There were 13 warnings)
Latexmk: applying rule 'xelatex'...
Rule 'xelatex':  Reasons for rerun
Changed files or newly in use/created:
  AdvancingTelemedicineMSKPractice_LaTeX.aux
  AdvancingTelemedicineMSKPractice_LaTeX.bbl
  AdvancingTelemedicineMSKPractice_LaTeX.out

------------
Run number 2 of rule 'xelatex'
------------
------------
Running 'xelatex -no-pdf -synctex=1 -interaction=batchmode -file-line-error -shell-escape -recorder  "AdvancingTelemedicineMSKPractice_LaTeX.tex"'
------------
This is XeTeX, Version 3.141592653-2.6-0.999997 (TeX Live 2025) (preloaded format=xelatex)
 \write18 enabled.
entering extended mode

SyncTeX written on AdvancingTelemedicineMSKPractice_LaTeX.synctex.gz.Latexmk: Getting log file 'AdvancingTelemedicineMSKPractice_LaTeX.log'
Latexmk: Examining 'AdvancingTelemedicineMSKPractice_LaTeX.fls'
Latexmk: Examining 'AdvancingTelemedicineMSKPractice_LaTeX.log'
Latexmk: Found input bbl file 'AdvancingTelemedicineMSKPractice_LaTeX.bbl'
Latexmk: References changed.
Latexmk: Log file says output to 'AdvancingTelemedicineMSKPractice_LaTeX.xdv'
Latexmk: Log file says output to 'AdvancingTelemedicineMSKPractice_LaTeX.xdv'
Latexmk: Found bibliography file(s):
  ./main.bib
Latexmk: applying rule 'bibtex AdvancingTelemedicineMSKPractice_LaTeX'...
Rule 'bibtex AdvancingTelemedicineMSKPractice_LaTeX':  Reasons for rerun
Changed files or newly in use/created:
  AdvancingTelemedicineMSKPractice_LaTeX.aux

------------
Run number 2 of rule 'bibtex AdvancingTelemedicineMSKPractice_LaTeX'
------------
------------
Running 'bibtex  "AdvancingTelemedicineMSKPractice_LaTeX.aux"'
------------
This is BibTeX, Version 0.99d (TeX Live 2025)
The top-level auxiliary file: AdvancingTelemedicineMSKPractice_LaTeX.aux
The style file: Frontiers-Harvard.bst
Database file #1: main.bib
Warning--to sort, need author or key in TelehealthHereStay2021
Warning--to sort, need author, editor, or key in TelehealthHolograms2023
Warning--to sort, need author, editor, or key in HowMuchMoney2023
Warning--empty author in TelehealthHereStay2021
Warning--empty author and editor in HowMuchMoney2023
Warning--missing publisher in HowMuchMoney2023
Warning--empty author and editor in TelehealthHolograms2023
Warning--missing publisher in khoslaventuresWinningOutsiderBuilding2023
Warning--missing publisher in lindsayHowProduceGreat2019a
Warning--missing publisher in lindsayAddressingZoomFatigue2021
Warning--empty pages in liuHowCanLive2021
Warning--missing publisher in mollaTellYourBoss2022
Warning--missing publisher in tsipurskyUnlockingRemoteWork2023
(There were 13 warnings)
Latexmk: applying rule 'xelatex'...
Rule 'xelatex':  Reasons for rerun
Changed files or newly in use/created:
  AdvancingTelemedicineMSKPractice_LaTeX.aux

------------
Run number 3 of rule 'xelatex'
------------
------------
Running 'xelatex -no-pdf -synctex=1 -interaction=batchmode -file-line-error -shell-escape -recorder  "AdvancingTelemedicineMSKPractice_LaTeX.tex"'
------------
This is XeTeX, Version 3.141592653-2.6-0.999997 (TeX Live 2025) (preloaded format=xelatex)
 \write18 enabled.
entering extended mode

SyncTeX written on AdvancingTelemedicineMSKPractice_LaTeX.synctex.gz.Latexmk: Getting log file 'AdvancingTelemedicineMSKPractice_LaTeX.log'
Latexmk: Examining 'AdvancingTelemedicineMSKPractice_LaTeX.fls'
Latexmk: Examining 'AdvancingTelemedicineMSKPractice_LaTeX.log'
Latexmk: Found input bbl file 'AdvancingTelemedicineMSKPractice_LaTeX.bbl'
Latexmk: Log file says output to 'AdvancingTelemedicineMSKPractice_LaTeX.xdv'
Latexmk: Log file says output to 'AdvancingTelemedicineMSKPractice_LaTeX.xdv'
Latexmk: Found bibliography file(s):
  ./main.bib
Latexmk: applying rule 'bibtex AdvancingTelemedicineMSKPractice_LaTeX'...
Rule 'bibtex AdvancingTelemedicineMSKPractice_LaTeX':  Reasons for rerun
Changed files or newly in use/created:
  AdvancingTelemedicineMSKPractice_LaTeX.aux

------------
Run number 3 of rule 'bibtex AdvancingTelemedicineMSKPractice_LaTeX'
------------
------------
Running 'bibtex  "AdvancingTelemedicineMSKPractice_LaTeX.aux"'
------------
This is BibTeX, Version 0.99d (TeX Live 2025)
The top-level auxiliary file: AdvancingTelemedicineMSKPractice_LaTeX.aux
The style file: Frontiers-Harvard.bst
Database file #1: main.bib
Warning--to sort, need author or key in TelehealthHereStay2021
Warning--to sort, need author, editor, or key in TelehealthHolograms2023
Warning--to sort, need author, editor, or key in HowMuchMoney2023
Warning--empty author in TelehealthHereStay2021
Warning--empty author and editor in HowMuchMoney2023
Warning--missing publisher in HowMuchMoney2023
Warning--empty author and editor in TelehealthHolograms2023
Warning--missing publisher in khoslaventuresWinningOutsiderBuilding2023
Warning--missing publisher in lindsayHowProduceGreat2019a
Warning--missing publisher in lindsayAddressingZoomFatigue2021
Warning--empty pages in liuHowCanLive2021
Warning--missing publisher in mollaTellYourBoss2022
Warning--missing publisher in tsipurskyUnlockingRemoteWork2023
(There were 13 warnings)
Latexmk: applying rule 'xelatex'...
Rule 'xelatex':  Reasons for rerun
Changed files or newly in use/created:
  AdvancingTelemedicineMSKPractice_LaTeX.aux

------------
Run number 4 of rule 'xelatex'
------------
------------
Running 'xelatex -no-pdf -synctex=1 -interaction=batchmode -file-line-error -shell-escape -recorder  "AdvancingTelemedicineMSKPractice_LaTeX.tex"'
------------
This is XeTeX, Version 3.141592653-2.6-0.999997 (TeX Live 2025) (preloaded format=xelatex)
 \write18 enabled.
entering extended mode

SyncTeX written on AdvancingTelemedicineMSKPractice_LaTeX.synctex.gz.Latexmk: Getting log file 'AdvancingTelemedicineMSKPractice_LaTeX.log'
Latexmk: Examining 'AdvancingTelemedicineMSKPractice_LaTeX.fls'
Latexmk: Examining 'AdvancingTelemedicineMSKPractice_LaTeX.log'
Latexmk: Found input bbl file 'AdvancingTelemedicineMSKPractice_LaTeX.bbl'
Latexmk: Log file says output to 'AdvancingTelemedicineMSKPractice_LaTeX.xdv'
Latexmk: Log file says output to 'AdvancingTelemedicineMSKPractice_LaTeX.xdv'
Latexmk: Found bibliography file(s):
  ./main.bib
Latexmk: applying rule 'xdvipdfmx'...
Rule 'xdvipdfmx':  Reasons for rerun
Changed files or newly in use/created:
  AdvancingTelemedicineMSKPractice_LaTeX.xdv
Category 'changed_source_rules':
  xelatex
Category 'no_dest':
  xdvipdfmx

------------
Run number 1 of rule 'xdvipdfmx'
------------
------------
Running 'xdvipdfmx -E -o "AdvancingTelemedicineMSKPractice_LaTeX.pdf"  "AdvancingTelemedicineMSKPractice_LaTeX.xdv"'
------------
AdvancingTelemedicineMSKPractice_LaTeX.xdv -> AdvancingTelemedicineMSKPractice_LaTeX.pdf
[1][2][3][4][5][6][7][8][9][10][11][12][13][14][15][16][17]
33630779 bytes written
Latexmk: Errors, in force_mode: so I tried finishing targets
Collected error summary (may duplicate other messages):
  xelatex: Command for 'xelatex' gave return code 1
      Refer to 'AdvancingTelemedicineMSKPractice_LaTeX.log' and/or above output for details

