\BOOKMARK [1][-]{section.1}{\376\377\000I\000n\000t\000r\000o\000d\000u\000c\000t\000i\000o\000n}{}% 1
\BOOKMARK [2][-]{subsection.1.1}{\376\377\000O\000v\000e\000r\000v\000i\000e\000w\000\040\000o\000f\000\040\000T\000o\000p\000i\000c}{section.1}% 2
\BOOKMARK [2][-]{subsection.1.2}{\376\377\000I\000d\000e\000n\000t\000i\000f\000i\000c\000a\000t\000i\000o\000n\000\040\000o\000f\000\040\000G\000a\000p}{section.1}% 3
\BOOKMARK [1][-]{section.2}{\376\377\000B\000a\000c\000k\000g\000r\000o\000u\000n\000d}{}% 4
\BOOKMARK [2][-]{subsection.2.1}{\376\377\000S\000e\000l\000e\000c\000t\000i\000o\000n\000\040\000o\000f\000\040\000T\000o\000p\000i\000c}{section.2}% 5
\BOOKMARK [2][-]{subsection.2.2}{\376\377\000L\000i\000t\000e\000r\000a\000t\000u\000r\000e\000\040\000S\000e\000a\000r\000c\000h}{section.2}% 6
\BOOKMARK [2][-]{subsection.2.3}{\376\377\000L\000i\000t\000e\000r\000a\000t\000u\000r\000e\000\040\000R\000e\000v\000i\000e\000w}{section.2}% 7
\BOOKMARK [3][-]{subsubsection.2.3.1}{\376\377\000T\000e\000l\000e\000m\000e\000d\000i\000c\000i\000n\000e\000\040\000i\000n\000\040\000M\000S\000K\000\040\000c\000a\000r\000e}{subsection.2.3}% 8
\BOOKMARK [4][-]{paragraph.2.3.1.1}{\376\377\000T\000r\000e\000n\000d\000s\000\040\000i\000n\000\040\000u\000s\000e\000\040\000a\000n\000d\000\040\000a\000c\000c\000e\000p\000t\000a\000n\000c\000e\000\040\000o\000f\000\040\000t\000e\000l\000e\000m\000e\000d\000i\000c\000i\000n\000e}{subsubsection.2.3.1}% 9
\BOOKMARK [4][-]{paragraph.2.3.1.2}{\376\377\000D\000i\000a\000g\000n\000o\000s\000i\000s\000\040\000a\000n\000d\000\040\000m\000a\000n\000a\000g\000e\000m\000e\000n\000t\000\040\000o\000f\000\040\000M\000S\000K\000\040\000c\000o\000n\000d\000i\000t\000i\000o\000n\000s\000\040\000v\000i\000a\000\040\000t\000e\000l\000e\000m\000e\000d\000i\000c\000i\000n\000e}{subsubsection.2.3.1}% 10
\BOOKMARK [4][-]{paragraph.2.3.1.3}{\376\377\000C\000o\000r\000e\000\040\000c\000o\000m\000p\000e\000t\000e\000n\000c\000i\000e\000s\000\040\000f\000o\000r\000\040\000t\000e\000l\000e\000m\000e\000d\000i\000c\000i\000n\000e\000\040\000i\000n\000\040\000M\000S\000K}{subsubsection.2.3.1}% 11
\BOOKMARK [4][-]{paragraph.2.3.1.4}{\376\377\000L\000i\000m\000i\000t\000a\000t\000i\000o\000n\000s\000\040\000o\000f\000\040\000t\000e\000l\000e\000m\000e\000d\000i\000c\000i\000n\000e}{subsubsection.2.3.1}% 12
\BOOKMARK [3][-]{subsubsection.2.3.2}{\376\377\000E\000n\000g\000a\000g\000e\000m\000e\000n\000t\000\040\000i\000n\000\040\000a\000\040\000v\000i\000r\000t\000u\000a\000l\000\040\000s\000e\000t\000t\000i\000n\000g}{subsection.2.3}% 13
\BOOKMARK [4][-]{paragraph.2.3.2.1}{\376\377\000A\000p\000p\000l\000i\000c\000a\000t\000i\000o\000n\000\040\000o\000f\000\040\000i\000n\000t\000i\000m\000a\000c\000y\000\040\000t\000h\000e\000o\000r\000y}{subsubsection.2.3.2}% 14
\BOOKMARK [4][-]{paragraph.2.3.2.2}{\376\377\000C\000o\000n\000t\000e\000n\000t\000\040\000q\000u\000a\000l\000i\000t\000y}{subsubsection.2.3.2}% 15
\BOOKMARK [1][-]{section.3}{\376\377\000P\000r\000o\000b\000l\000e\000m}{}% 16
\BOOKMARK [2][-]{paragraph.3.0.0.1}{\376\377\000W\000h\000a\000t\000\040\000c\000a\000n\000\040\000t\000e\000l\000e\000m\000e\000d\000i\000c\000i\000n\000e\000\040\000p\000r\000o\000v\000i\000d\000e\000r\000s\000\040\000l\000e\000a\000r\000n\000\040\000f\000r\000o\000m\000\040\000l\000i\000v\000e\000\040\000s\000t\000r\000e\000a\000m\000e\000r\000s\000?}{section.3}% 17
\BOOKMARK [1][-]{section.4}{\376\377\000P\000l\000a\000n}{}% 18
\BOOKMARK [2][-]{subsection.4.1}{\376\377\000K\000e\000y\000\040\000U\000n\000c\000e\000r\000t\000a\000i\000n\000t\000i\000e\000s}{section.4}% 19
\BOOKMARK [3][-]{subsubsection.4.1.1}{\376\377\000S\000e\000c\000u\000r\000i\000t\000y\000\040\000a\000n\000d\000\040\000C\000o\000n\000f\000i\000d\000e\000n\000t\000i\000a\000l\000i\000t\000y}{subsection.4.1}% 20
\BOOKMARK [3][-]{subsubsection.4.1.2}{\376\377\000F\000i\000n\000a\000n\000c\000i\000a\000l\000\040\000a\000n\000d\000\040\000L\000o\000g\000i\000s\000t\000i\000c\000\040\000F\000e\000a\000s\000i\000b\000i\000l\000i\000t\000y}{subsection.4.1}% 21
\BOOKMARK [3][-]{subsubsection.4.1.3}{\376\377\000D\000e\000d\000i\000c\000a\000t\000e\000d\000\040\000s\000p\000a\000c\000e}{subsection.4.1}% 22
\BOOKMARK [3][-]{subsubsection.4.1.4}{\376\377\000I\000n\000c\000r\000e\000a\000s\000e\000d\000\040\000i\000n\000e\000q\000u\000i\000t\000y}{subsection.4.1}% 23
\BOOKMARK [1][-]{section.5}{\376\377\000R\000e\000c\000o\000m\000m\000e\000n\000d\000a\000t\000i\000o\000n\000s}{}% 24
